E:\~SKRIPSEH~\[FOLDER FIX TULISAN]\COCOS2D-X-2.2.3\PROJECTS\SCRABBLE\PROJ.WIN32\DEBUG.WIN32\APPDELEGATE.OBJ
E:\~SKRIPSEH~\[FOLDER FIX TULISAN]\COCOS2D-X-2.2.3\PROJECTS\SCRABBLE\PROJ.WIN32\DEBUG.WIN32\BASICTILES.OBJ
E:\~SKRIPSEH~\[FOLDER FIX TULISAN]\COCOS2D-X-2.2.3\PROJECTS\SCRABBLE\PROJ.WIN32\DEBUG.WIN32\ENDGAMESCENE.OBJ
E:\~SKRIPSEH~\[FOLDER FIX TULISAN]\COCOS2D-X-2.2.3\PROJECTS\SCRABBLE\PROJ.WIN32\DEBUG.WIN32\GADDAG.OBJ
E:\~SKRIPSEH~\[FOLDER FIX TULISAN]\COCOS2D-X-2.2.3\PROJECTS\SCRABBLE\PROJ.WIN32\DEBUG.WIN32\GAMEAISCENE.OBJ
E:\~SKRIPSEH~\[FOLDER FIX TULISAN]\COCOS2D-X-2.2.3\PROJECTS\SCRABBLE\PROJ.WIN32\DEBUG.WIN32\GAMEALGORITHM.OBJ
E:\~SKRIPSEH~\[FOLDER FIX TULISAN]\COCOS2D-X-2.2.3\PROJECTS\SCRABBLE\PROJ.WIN32\DEBUG.WIN32\GAMEHUMANSCENE.OBJ
E:\~SKRIPSEH~\[FOLDER FIX TULISAN]\COCOS2D-X-2.2.3\PROJECTS\SCRABBLE\PROJ.WIN32\DEBUG.WIN32\GAMESCENE.OBJ
E:\~SKRIPSEH~\[FOLDER FIX TULISAN]\COCOS2D-X-2.2.3\PROJECTS\SCRABBLE\PROJ.WIN32\DEBUG.WIN32\HELLOWORLDSCENE.OBJ
E:\~SKRIPSEH~\[FOLDER FIX TULISAN]\COCOS2D-X-2.2.3\PROJECTS\SCRABBLE\PROJ.WIN32\DEBUG.WIN32\HELPSCENE.OBJ
E:\~SKRIPSEH~\[FOLDER FIX TULISAN]\COCOS2D-X-2.2.3\PROJECTS\SCRABBLE\PROJ.WIN32\DEBUG.WIN32\HEURISTIC.OBJ
E:\~SKRIPSEH~\[FOLDER FIX TULISAN]\COCOS2D-X-2.2.3\PROJECTS\SCRABBLE\PROJ.WIN32\DEBUG.WIN32\LOADINGSCENE.OBJ
E:\~SKRIPSEH~\[FOLDER FIX TULISAN]\COCOS2D-X-2.2.3\PROJECTS\SCRABBLE\PROJ.WIN32\DEBUG.WIN32\MENUSCENE.OBJ
E:\~SKRIPSEH~\[FOLDER FIX TULISAN]\COCOS2D-X-2.2.3\PROJECTS\SCRABBLE\PROJ.WIN32\DEBUG.WIN32\NEGASCOUT.OBJ
E:\~SKRIPSEH~\[FOLDER FIX TULISAN]\COCOS2D-X-2.2.3\PROJECTS\SCRABBLE\PROJ.WIN32\DEBUG.WIN32\PAPAN.OBJ
E:\~SKRIPSEH~\[FOLDER FIX TULISAN]\COCOS2D-X-2.2.3\PROJECTS\SCRABBLE\PROJ.WIN32\DEBUG.WIN32\AIPLAYER.OBJ
E:\~SKRIPSEH~\[FOLDER FIX TULISAN]\COCOS2D-X-2.2.3\PROJECTS\SCRABBLE\PROJ.WIN32\DEBUG.WIN32\RACKTILE.OBJ
E:\~SKRIPSEH~\[FOLDER FIX TULISAN]\COCOS2D-X-2.2.3\PROJECTS\SCRABBLE\PROJ.WIN32\DEBUG.WIN32\STRATEGY.OBJ
E:\~SKRIPSEH~\[FOLDER FIX TULISAN]\COCOS2D-X-2.2.3\PROJECTS\SCRABBLE\PROJ.WIN32\DEBUG.WIN32\TILEONBOARD.OBJ
E:\~SKRIPSEH~\[FOLDER FIX TULISAN]\COCOS2D-X-2.2.3\PROJECTS\SCRABBLE\PROJ.WIN32\DEBUG.WIN32\MAIN.OBJ
E:\~SKRIPSEH~\[FOLDER FIX TULISAN]\COCOS2D-X-2.2.3\PROJECTS\SCRABBLE\PROJ.WIN32\DEBUG.WIN32\ABOUTSCENE.OBJ
E:\~SKRIPSEH~\[FOLDER FIX TULISAN]\COCOS2D-X-2.2.3\PROJECTS\SCRABBLE\PROJ.WIN32\DEBUG.WIN32\AIMENUSCENE.OBJ
E:\~SKRIPSEH~\[FOLDER FIX TULISAN]\COCOS2D-X-2.2.3\PROJECTS\SCRABBLE\PROJ.WIN32\DEBUG.WIN32\VC110.PDB
E:\~SKRIPSEH~\[FOLDER FIX TULISAN]\COCOS2D-X-2.2.3\PROJECTS\SCRABBLE\PROJ.WIN32\DEBUG.WIN32\SCRABBLE.ILK
E:\~SKRIPSEH~\[FOLDER FIX TULISAN]\COCOS2D-X-2.2.3\PROJECTS\SCRABBLE\PROJ.WIN32\DEBUG.WIN32\SCRABBLE.EXE
E:\~SKRIPSEH~\[FOLDER FIX TULISAN]\COCOS2D-X-2.2.3\PROJECTS\SCRABBLE\PROJ.WIN32\DEBUG.WIN32\SCRABBLE.PDB
E:\~SKRIPSEH~\[FOLDER FIX TULISAN]\COCOS2D-X-2.2.3\PROJECTS\SCRABBLE\PROJ.WIN32\DEBUG.WIN32\SCRABBLE.RES
E:\~SKRIPSEH~\[FOLDER FIX TULISAN]\cocos2d-x-2.2.3\projects\Scrabble\proj.win32\Debug.win32\AboutScene.obj
E:\~SKRIPSEH~\[FOLDER FIX TULISAN]\cocos2d-x-2.2.3\projects\Scrabble\proj.win32\Debug.win32\AiMenuScene.obj
E:\~SKRIPSEH~\[FOLDER FIX TULISAN]\cocos2d-x-2.2.3\projects\Scrabble\proj.win32\Debug.win32\AiPlayer.obj
E:\~SKRIPSEH~\[FOLDER FIX TULISAN]\cocos2d-x-2.2.3\projects\Scrabble\proj.win32\Debug.win32\AppDelegate.obj
E:\~SKRIPSEH~\[FOLDER FIX TULISAN]\cocos2d-x-2.2.3\projects\Scrabble\proj.win32\Debug.win32\BasicTiles.obj
E:\~SKRIPSEH~\[FOLDER FIX TULISAN]\cocos2d-x-2.2.3\projects\Scrabble\proj.win32\Debug.win32\EndGameScene.obj
E:\~SKRIPSEH~\[FOLDER FIX TULISAN]\cocos2d-x-2.2.3\projects\Scrabble\proj.win32\Debug.win32\Gaddag.obj
E:\~SKRIPSEH~\[FOLDER FIX TULISAN]\cocos2d-x-2.2.3\projects\Scrabble\proj.win32\Debug.win32\GameAiScene.obj
E:\~SKRIPSEH~\[FOLDER FIX TULISAN]\cocos2d-x-2.2.3\projects\Scrabble\proj.win32\Debug.win32\GameAlgorithm.obj
E:\~SKRIPSEH~\[FOLDER FIX TULISAN]\cocos2d-x-2.2.3\projects\Scrabble\proj.win32\Debug.win32\GameHumanScene.obj
E:\~SKRIPSEH~\[FOLDER FIX TULISAN]\cocos2d-x-2.2.3\projects\Scrabble\proj.win32\Debug.win32\GameScene.obj
E:\~SKRIPSEH~\[FOLDER FIX TULISAN]\cocos2d-x-2.2.3\projects\Scrabble\proj.win32\Debug.win32\HelloWorldScene.obj
E:\~SKRIPSEH~\[FOLDER FIX TULISAN]\cocos2d-x-2.2.3\projects\Scrabble\proj.win32\Debug.win32\HelpScene.obj
E:\~SKRIPSEH~\[FOLDER FIX TULISAN]\cocos2d-x-2.2.3\projects\Scrabble\proj.win32\Debug.win32\Heuristic.obj
E:\~SKRIPSEH~\[FOLDER FIX TULISAN]\cocos2d-x-2.2.3\projects\Scrabble\proj.win32\Debug.win32\LoadingScene.obj
E:\~SKRIPSEH~\[FOLDER FIX TULISAN]\cocos2d-x-2.2.3\projects\Scrabble\proj.win32\Debug.win32\main.obj
E:\~SKRIPSEH~\[FOLDER FIX TULISAN]\cocos2d-x-2.2.3\projects\Scrabble\proj.win32\Debug.win32\MenuScene.obj
E:\~SKRIPSEH~\[FOLDER FIX TULISAN]\cocos2d-x-2.2.3\projects\Scrabble\proj.win32\Debug.win32\Negascout.obj
E:\~SKRIPSEH~\[FOLDER FIX TULISAN]\cocos2d-x-2.2.3\projects\Scrabble\proj.win32\Debug.win32\Papan.obj
E:\~SKRIPSEH~\[FOLDER FIX TULISAN]\cocos2d-x-2.2.3\projects\Scrabble\proj.win32\Debug.win32\RackTile.obj
E:\~SKRIPSEH~\[FOLDER FIX TULISAN]\cocos2d-x-2.2.3\projects\Scrabble\proj.win32\Debug.win32\Strategy.obj
E:\~SKRIPSEH~\[FOLDER FIX TULISAN]\cocos2d-x-2.2.3\projects\Scrabble\proj.win32\Debug.win32\TileOnBoard.obj
E:\~SKRIPSEH~\[FOLDER FIX TULISAN]\cocos2d-x-2.2.3\projects\Scrabble\proj.win32\Debug.win32\Scrabble.ilk
E:\~SKRIPSEH~\[FOLDER FIX TULISAN]\cocos2d-x-2.2.3\projects\Scrabble\proj.win32\Debug.win32\cl.command.1.tlog
E:\~SKRIPSEH~\[FOLDER FIX TULISAN]\cocos2d-x-2.2.3\projects\Scrabble\proj.win32\Debug.win32\CL.read.1.tlog
E:\~SKRIPSEH~\[FOLDER FIX TULISAN]\cocos2d-x-2.2.3\projects\Scrabble\proj.win32\Debug.win32\CL.write.1.tlog
E:\~SKRIPSEH~\[FOLDER FIX TULISAN]\cocos2d-x-2.2.3\projects\Scrabble\proj.win32\Debug.win32\link-cvtres.read.1.tlog
E:\~SKRIPSEH~\[FOLDER FIX TULISAN]\cocos2d-x-2.2.3\projects\Scrabble\proj.win32\Debug.win32\link-cvtres.write.1.tlog
E:\~SKRIPSEH~\[FOLDER FIX TULISAN]\cocos2d-x-2.2.3\projects\Scrabble\proj.win32\Debug.win32\link-rc.read.1.tlog
E:\~SKRIPSEH~\[FOLDER FIX TULISAN]\cocos2d-x-2.2.3\projects\Scrabble\proj.win32\Debug.win32\link-rc.write.1.tlog
E:\~SKRIPSEH~\[FOLDER FIX TULISAN]\cocos2d-x-2.2.3\projects\Scrabble\proj.win32\Debug.win32\link.command.1.tlog
E:\~SKRIPSEH~\[FOLDER FIX TULISAN]\cocos2d-x-2.2.3\projects\Scrabble\proj.win32\Debug.win32\link.read.1.tlog
E:\~SKRIPSEH~\[FOLDER FIX TULISAN]\cocos2d-x-2.2.3\projects\Scrabble\proj.win32\Debug.win32\link.write.1.tlog
E:\~SKRIPSEH~\[FOLDER FIX TULISAN]\cocos2d-x-2.2.3\projects\Scrabble\proj.win32\Debug.win32\rc.command.1.tlog
E:\~SKRIPSEH~\[FOLDER FIX TULISAN]\cocos2d-x-2.2.3\projects\Scrabble\proj.win32\Debug.win32\rc.read.1.tlog
E:\~SKRIPSEH~\[FOLDER FIX TULISAN]\cocos2d-x-2.2.3\projects\Scrabble\proj.win32\Debug.win32\rc.write.1.tlog
E:\~SKRIPSEH~\[FOLDER FIX TULISAN]\cocos2d-x-2.2.3\projects\Scrabble\proj.win32\Debug.win32\Scrabble.res
E:\~SKRIPSEH~\[FOLDER FIX TULISAN]\cocos2d-x-2.2.3\projects\Scrabble\proj.win32\Debug.win32\vc110.idb
E:\~SKRIPSEH~\[FOLDER FIX TULISAN]\cocos2d-x-2.2.3\projects\Scrabble\proj.win32\Debug.win32\Scrabble.pdb
E:\~SKRIPSEH~\[FOLDER FIX TULISAN]\cocos2d-x-2.2.3\projects\Scrabble\proj.win32\Debug.win32\vc110.pdb
E:\~SKRIPSEH~\[FOLDER FIX TULISAN]\cocos2d-x-2.2.3\projects\Scrabble\proj.win32\Debug.win32\Scrabble.exe
